<?xml version="1.0" encoding="UTF-8"?>
<testsuite name="my.test.sandbox.PointTests" tests="3" skipped="0" failures="0" errors="0" timestamp="2019-06-09T05:38:49" hostname="alekseeva-nb5" time="0.018">
  <properties/>
  <testcase name="testDistance" classname="my.test.sandbox.PointTests" time="0.018"/>
  <testcase name="testDistanceNegative" classname="my.test.sandbox.PointTests" time="0.0"/>
  <testcase name="testDistanceNull" classname="my.test.sandbox.PointTests" time="0.0"/>
  <system-out><![CDATA[]]></system-out>
  <system-err><![CDATA[]]></system-err>
</testsuite>
