<?xml version="1.0" encoding="UTF-8"?>
<testsuite name="my.test.addressbook.test.DeleteGroupTests" tests="1" skipped="0" failures="0" errors="0" timestamp="2019-05-18T08:15:18" hostname="alekseeva-nb5" time="1.07">
  <properties/>
  <testcase name="deleteGroupTests" classname="my.test.addressbook.test.DeleteGroupTests" time="1.07"/>
  <system-out><![CDATA[]]></system-out>
  <system-err><![CDATA[]]></system-err>
</testsuite>
