<?xml version="1.0" encoding="UTF-8"?>
<testsuite name="my.test.addressbook.test.CreateGroupTests" tests="3" skipped="0" failures="0" errors="0" timestamp="2019-05-18T12:11:06" hostname="alekseeva-nb5" time="6.155">
  <properties/>
  <testcase name="createGroupTests[0](GroupData{name='test0', header='header 0', footer='footer 0'})" classname="my.test.addressbook.test.CreateGroupTests" time="2.516"/>
  <testcase name="createGroupTests[1](GroupData{name='test1', header='header 1', footer='footer 1'})" classname="my.test.addressbook.test.CreateGroupTests" time="1.671"/>
  <testcase name="createGroupTests[2](GroupData{name='test2', header='header 2', footer='footer 2'})" classname="my.test.addressbook.test.CreateGroupTests" time="1.968"/>
  <system-out><![CDATA[]]></system-out>
  <system-err><![CDATA[]]></system-err>
</testsuite>
