<?xml version="1.0" encoding="UTF-8"?>
<testsuite name="my.test.addressbook.test.AddContactToGroupTests" tests="1" skipped="0" failures="0" errors="0" timestamp="2019-05-18T11:48:25" hostname="alekseeva-nb5" time="4.372">
  <properties/>
  <testcase name="addContactToGroupTests" classname="my.test.addressbook.test.AddContactToGroupTests" time="4.372"/>
  <system-out><![CDATA[]]></system-out>
  <system-err><![CDATA[]]></system-err>
</testsuite>
