<?xml version="1.0" encoding="UTF-8"?>
<testsuite name="my.test.addressbook.test.ContactAddressTest" tests="1" skipped="0" failures="0" errors="0" timestamp="2019-05-18T11:48:31" hostname="alekseeva-nb5" time="0.437">
  <properties/>
  <testcase name="testContactAddress" classname="my.test.addressbook.test.ContactAddressTest" time="0.437"/>
  <system-out><![CDATA[]]></system-out>
  <system-err><![CDATA[]]></system-err>
</testsuite>
