<?xml version="1.0" encoding="UTF-8"?>
<testsuite name="my.test.addressbook.test.CreateContactTests" tests="3" skipped="0" failures="0" errors="0" timestamp="2019-05-18T11:47:55" hostname="alekseeva-nb5" time="23.641">
  <properties/>
  <testcase name="createContactTests[0](ContactData{firstname='Erik', lastname='Pek', address='Luna', homeNumber='+32230', mobileNumber='+12230', workNumber='+22230', email='test@test.com', email2='test1@test1.com', email3='test2@test2.com', group='test0'})" classname="my.test.addressbook.test.CreateContactTests" time="8.913"/>
  <testcase name="createContactTests[1](ContactData{firstname='Erik', lastname='Pek', address='Luna', homeNumber='+32231', mobileNumber='+12231', workNumber='+22231', email='test@test.com', email2='test1@test1.com', email3='test2@test2.com', group='test1'})" classname="my.test.addressbook.test.CreateContactTests" time="7.305"/>
  <testcase name="createContactTests[2](ContactData{firstname='Erik', lastname='Pek', address='Luna', homeNumber='+32232', mobileNumber='+12232', workNumber='+22232', email='test@test.com', email2='test1@test1.com', email3='test2@test2.com', group='test2'})" classname="my.test.addressbook.test.CreateContactTests" time="7.423"/>
  <system-out><![CDATA[]]></system-out>
  <system-err><![CDATA[]]></system-err>
</testsuite>
