<?xml version="1.0" encoding="UTF-8"?>
<testsuite name="my.test.addressbook.test.EditGroupTests" tests="1" skipped="0" failures="0" errors="0" timestamp="2019-05-18T07:14:58" hostname="alekseeva-nb5" time="1.987">
  <properties/>
  <testcase name="editGroupTests" classname="my.test.addressbook.test.EditGroupTests" time="1.987"/>
  <system-out><![CDATA[]]></system-out>
  <system-err><![CDATA[]]></system-err>
</testsuite>
