<?xml version="1.0" encoding="UTF-8"?>
<testsuite name="my.test.addressbook.test.ContactPhonesTest" tests="1" skipped="0" failures="0" errors="0" timestamp="2019-05-18T07:15:30" hostname="alekseeva-nb5" time="0.385">
  <properties/>
  <testcase name="testContactPhones" classname="my.test.addressbook.test.ContactPhonesTest" time="0.385"/>
  <system-out><![CDATA[]]></system-out>
  <system-err><![CDATA[]]></system-err>
</testsuite>
