<?xml version="1.0" encoding="UTF-8"?>
<testsuite name="my.test.addressbook.test.EditContactTests" tests="1" skipped="0" failures="0" errors="0" timestamp="2019-05-18T07:15:19" hostname="alekseeva-nb5" time="5.447">
  <properties/>
  <testcase name="editContactTests" classname="my.test.addressbook.test.EditContactTests" time="5.447"/>
  <system-out><![CDATA[]]></system-out>
  <system-err><![CDATA[]]></system-err>
</testsuite>
